<?xml version="1.0" encoding="UTF-8"?>
<testng-results ignored="0" total="2" passed="2" failed="0" skipped="0">
  <reporter-output>
  </reporter-output>
  <suite started-at="2019-08-05T09:33:08Z" name="Default suite" finished-at="2019-08-05T09:33:31Z" duration-ms="23656">
    <groups>
    </groups>
    <test started-at="2019-08-05T09:33:08Z" name="Default test" finished-at="2019-08-05T09:33:31Z" duration-ms="23656">
      <class name="FreeCRM.LoginTest">
        <test-method signature="loginTest1()[pri:0, instance:FreeCRM.LoginTest@37f21974]" started-at="2019-08-05T09:33:08Z" name="loginTest1" finished-at="2019-08-05T09:33:17Z" duration-ms="9059" status="PASS">
          <reporter-output>
          </reporter-output>
        </test-method> <!-- loginTest1 -->
      </class> <!-- FreeCRM.LoginTest -->
      <class name="FreeCRM.HmePageTest">
        <test-method is-config="true" signature="bfm()[pri:0, instance:FreeCRM.HmePageTest@5f4d427e]" started-at="2019-08-05T09:33:17Z" name="bfm" finished-at="2019-08-05T09:33:24Z" duration-ms="6735" status="PASS">
          <reporter-output>
          </reporter-output>
        </test-method> <!-- bfm -->
        <test-method signature="land_page()[pri:0, instance:FreeCRM.HmePageTest@5f4d427e]" started-at="2019-08-05T09:33:24Z" name="land_page" finished-at="2019-08-05T09:33:26Z" duration-ms="2359" status="PASS">
          <reporter-output>
          </reporter-output>
        </test-method> <!-- land_page -->
        <test-method is-config="true" signature="cl()[pri:0, instance:FreeCRM.HmePageTest@5f4d427e]" started-at="2019-08-05T09:33:26Z" name="cl" finished-at="2019-08-05T09:33:31Z" duration-ms="4558" status="PASS">
          <reporter-output>
          </reporter-output>
        </test-method> <!-- cl -->
        <test-method is-config="true" signature="after()[pri:0, instance:FreeCRM.LoginTest@37f21974]" started-at="2019-08-05T09:33:31Z" name="after" finished-at="2019-08-05T09:33:31Z" duration-ms="822" status="PASS">
          <reporter-output>
          </reporter-output>
        </test-method> <!-- after -->
      </class> <!-- FreeCRM.HmePageTest -->
    </test> <!-- Default test -->
  </suite> <!-- Default suite -->
</testng-results>
